<?xml version="1.0" encoding="UTF-8"?>
<!-- Generated by org.testng.reporters.JUnitXMLReporter -->
<testsuite hostname="DESKTOP-59B6MEB" ignored="1" name="Default test" tests="6" failures="0" timestamp="09 Mar 2023 05:00:29 GMT" time="121.268" errors="0">
  <testcase name="tc1" time="26.597" classname="org.testngTask.Question_1"/>
  <testcase name="tc2" time="6.602" classname="org.testngTask.Question_1"/>
  <testcase name="tc3" time="1.74" classname="org.testngTask.Question_1"/>
  <testcase name="tc4" time="21.307" classname="org.testngTask.Question_1"/>
  <testcase name="tc8" time="46.353" classname="org.testngTask.Question_1"/>
  <testcase name="tc8" time="18.473" classname="org.testngTask.Question_1"/>
  <testcase name="tc5" time="0.0" classname="org.testngTask.Question_1">
    <ignored/>
  </testcase> <!-- tc5 -->
</testsuite> <!-- Default test -->
