<?xml version="1.0" encoding="UTF-8"?>
<!-- Generated by org.testng.reporters.JUnitXMLReporter -->
<testsuite hostname="DESKTOP-59B6MEB" ignored="0" name="Test" tests="8" failures="0" timestamp="15 Mar 2023 22:15:46 GMT" time="314.396" errors="0">
  <testcase name="tc1" time="74.584" classname="org.testngTask.Facebook">
    <skipped/>
  </testcase> <!-- tc1 -->
  <testcase name="tc3" time="74.588" classname="org.testngTask.Facebook">
    <skipped/>
  </testcase> <!-- tc3 -->
  <testcase name="tc2" time="77.567" classname="org.testngTask.Facebook"/>
  <testcase name="tc1" time="51.055" classname="org.testngTask.Facebook">
    <skipped/>
  </testcase> <!-- tc1 -->
  <testcase name="tc3" time="52.809" classname="org.testngTask.Facebook"/>
  <testcase name="tc3" time="134.35" classname="org.testngTask.Facebook"/>
  <testcase name="tc1" time="139.059" classname="org.testngTask.Facebook">
    <skipped/>
  </testcase> <!-- tc1 -->
  <testcase name="tc1" time="49.207" classname="org.testngTask.Facebook"/>
</testsuite> <!-- Test -->
